2026-07-08:13:52:10,763 INFO     [psi4.driver.task_planner:259] PLANNING Atomic:  keywords={'SCF__INTS_TOLERANCE': 1e-12, 'function_kwargs': {}}
2026-07-08:13:52:10,764 INFO     [psi4.driver.driver:796] Compute properties(): method=b3lyp, basis=anonymous15ec4a06, molecule=/home/karl/sciebo/resp_ep/examples/acetic_acid/acetic_acid, nre=122.45633181261483
2026-07-08:13:52:15,329 INFO     [psi4.driver.driver:799] Return properties(): -229.16326125667237
2026-07-08:13:52:15,388 INFO     [psi4.driver.task_planner:259] PLANNING Atomic:  keywords={'SCF__INTS_TOLERANCE': 1e-12, 'function_kwargs': {}}
2026-07-08:13:52:15,389 INFO     [psi4.driver.driver:796] Compute properties(): method=scf, basis=anonymous05987320, molecule=/home/karl/sciebo/resp_ep/examples/dmso/dmso, nre=185.03691879250195
2026-07-08:13:52:15,884 INFO     [psi4.driver.driver:799] Return properties(): -551.5368633015909
2026-07-08:13:52:15,926 INFO     [psi4.driver.task_planner:259] PLANNING Atomic:  keywords={'SCF__INTS_TOLERANCE': 1e-12, 'function_kwargs': {}}
2026-07-08:13:52:15,928 INFO     [psi4.driver.driver:796] Compute properties(): method=b3lyp, basis=anonymous159bef38, molecule=/home/karl/sciebo/resp_ep/examples/methanol/methanol, nre=40.21377670496289
2026-07-08:13:52:17,442 INFO     [psi4.driver.driver:799] Return properties(): -115.76495270108344
2026-07-08:13:52:17,475 INFO     [psi4.driver.task_planner:259] PLANNING Atomic:  keywords={'SCF__INTS_TOLERANCE': 1e-12, 'function_kwargs': {}}
2026-07-08:13:52:17,477 INFO     [psi4.driver.driver:796] Compute properties(): method=b3lyp, basis=anonymous13f50116, molecule=/home/karl/sciebo/resp_ep/examples/methanol/multiple_orientations/methanol_a, nre=40.21377670496289
2026-07-08:13:52:18,987 INFO     [psi4.driver.driver:799] Return properties(): -115.76495270108344
2026-07-08:13:52:19,13 INFO     [psi4.driver.task_planner:259] PLANNING Atomic:  keywords={'SCF__INTS_TOLERANCE': 1e-12, 'function_kwargs': {}}
2026-07-08:13:52:19,14 INFO     [psi4.driver.driver:796] Compute properties(): method=b3lyp, basis=anonymous7792bc97, molecule=/home/karl/sciebo/resp_ep/examples/methanol/multiple_orientations/methanol_b, nre=40.21377670496288
2026-07-08:13:52:20,543 INFO     [psi4.driver.driver:799] Return properties(): -115.76495270106703
2026-07-08:13:52:20,569 INFO     [psi4.driver.task_planner:259] PLANNING Atomic:  keywords={'SCF__INTS_TOLERANCE': 1e-12, 'function_kwargs': {}}
2026-07-08:13:52:20,570 INFO     [psi4.driver.driver:796] Compute properties(): method=b3lyp, basis=anonymouse8f5214e, molecule=/home/karl/sciebo/resp_ep/examples/methanol/multiple_orientations/methanol_c, nre=40.21377670496289
2026-07-08:13:52:22,91 INFO     [psi4.driver.driver:799] Return properties(): -115.76495270109879
2026-07-08:13:52:22,117 INFO     [psi4.driver.task_planner:259] PLANNING Atomic:  keywords={'SCF__INTS_TOLERANCE': 1e-12, 'function_kwargs': {}}
2026-07-08:13:52:22,118 INFO     [psi4.driver.driver:796] Compute properties(): method=b3lyp, basis=anonymous9195532b, molecule=/home/karl/sciebo/resp_ep/examples/methanol/multiple_orientations/methanol_d, nre=40.21377670496288
2026-07-08:13:52:23,632 INFO     [psi4.driver.driver:799] Return properties(): -115.76495270105141
2026-07-08:13:52:23,695 INFO     [psi4.driver.task_planner:259] PLANNING Atomic:  keywords={'SCF__INTS_TOLERANCE': 1e-12, 'function_kwargs': {}}
2026-07-08:13:52:23,696 INFO     [psi4.driver.driver:796] Compute properties(): method=scf, basis=anonymousdb49c4d7, molecule=/home/karl/sciebo/resp_ep/examples/phosphate/phosphate, nre=375.35511803036627
2026-07-08:13:52:24,680 INFO     [psi4.driver.driver:799] Return properties(): -680.9821407574121
