Electrostatic potential parameters
    van der Waals radii (Angstrom):
                                      C = 1.500
                                      H = 1.200
                                      BR = 1.850
                                      X = 0.000
    VDW scale factors:                1.4 1.6 1.8 2.0
    VDW point density:                1.0
    ESP method:                       None
    ESP basis set:                    None

Grid information
    Quantum ESP File(s):
                                      /home/karl/sciebo/resp_ep/examples/1_bromobutane/multiple_conformers/1_bromobutane_conf1_esp.dat
                                      /home/karl/sciebo/resp_ep/examples/1_bromobutane/multiple_conformers/1_bromobutane_conf2_esp.dat

    Grid Points File(s) (# of points):
                                      /home/karl/sciebo/resp_ep/examples/1_bromobutane/multiple_conformers/1_bromobutane_conf1_grid.dat (827)
                                      /home/karl/sciebo/resp_ep/examples/1_bromobutane/multiple_conformers/1_bromobutane_conf2_grid.dat (831)

Constraints
    Charge constraints:
                                      Atom 14 = -0.41555262
                                      Atom 15 = 0.10296639

    Equivalent charges on atoms (group = atom numbers):
                                      group_1 = 2 3 4
                                      group_2 = 6 7
                                      group_3 = 9 10
                                      group_4 = 12 13

Restraint
    ihfree:                           True
    resp_a:                           0.0005
    resp_b:                           0.1000

Fit
    Electrostatic Potential Charges:
        Center  Symbol        ESP         RESP        
          1        C      -0.17194008 -0.06988168
          2        H       0.04216930  0.01888429
          3        H       0.04216930  0.01888429
          4        H       0.04216930  0.01888429
          5        C       0.11446516  0.02079238
          6        H      -0.01649093  0.00120692
          7        H      -0.01649093  0.00120692
          8        C      -0.08605133 -0.02424851
          9        H       0.05719727  0.04608934
         10        H       0.05719727  0.04608934
         11        C       0.08836192  0.06193368
         12        H       0.07991498  0.08637248
         13        H       0.07991498  0.08637248
         14        BR     -0.41555262 -0.41555262
         15        X       0.10296639  0.10296639

        Total Charge:      0.00000000  0.00000000

    Fitting Statistics:
        Metric             ESP        RESP
        RMSE           0.00163     0.00165
        RRMSE          0.14544     0.14719
