Electrostatic potential parameters
    van der Waals radii (Angstrom):
                                      C = 1.500
                                      H = 1.200
                                      BR = 1.850
                                      X = 0.000
    VDW scale factors:                1.4 1.6 1.8 2.0
    VDW point density:                1.0
    ESP method:                       None
    ESP basis set:                    None

Grid information
    Quantum ESP File(s):
                                      /home/karl/sciebo/resp_ep/examples/1_bromobutane/multiple_orientations/1_bromobutane_conf1_a_esp.dat
                                      /home/karl/sciebo/resp_ep/examples/1_bromobutane/multiple_orientations/1_bromobutane_conf1_b_esp.dat
                                      /home/karl/sciebo/resp_ep/examples/1_bromobutane/multiple_orientations/1_bromobutane_conf1_c_esp.dat
                                      /home/karl/sciebo/resp_ep/examples/1_bromobutane/multiple_orientations/1_bromobutane_conf1_d_esp.dat
                                      /home/karl/sciebo/resp_ep/examples/1_bromobutane/multiple_orientations/1_bromobutane_conf2_a_esp.dat
                                      /home/karl/sciebo/resp_ep/examples/1_bromobutane/multiple_orientations/1_bromobutane_conf2_b_esp.dat
                                      /home/karl/sciebo/resp_ep/examples/1_bromobutane/multiple_orientations/1_bromobutane_conf2_c_esp.dat
                                      /home/karl/sciebo/resp_ep/examples/1_bromobutane/multiple_orientations/1_bromobutane_conf2_d_esp.dat

    Grid Points File(s) (# of points):
                                      /home/karl/sciebo/resp_ep/examples/1_bromobutane/multiple_orientations/1_bromobutane_conf1_a_grid.dat (827)
                                      /home/karl/sciebo/resp_ep/examples/1_bromobutane/multiple_orientations/1_bromobutane_conf1_b_grid.dat (825)
                                      /home/karl/sciebo/resp_ep/examples/1_bromobutane/multiple_orientations/1_bromobutane_conf1_c_grid.dat (824)
                                      /home/karl/sciebo/resp_ep/examples/1_bromobutane/multiple_orientations/1_bromobutane_conf1_d_grid.dat (828)
                                      /home/karl/sciebo/resp_ep/examples/1_bromobutane/multiple_orientations/1_bromobutane_conf2_a_grid.dat (831)
                                      /home/karl/sciebo/resp_ep/examples/1_bromobutane/multiple_orientations/1_bromobutane_conf2_b_grid.dat (836)
                                      /home/karl/sciebo/resp_ep/examples/1_bromobutane/multiple_orientations/1_bromobutane_conf2_c_grid.dat (827)
                                      /home/karl/sciebo/resp_ep/examples/1_bromobutane/multiple_orientations/1_bromobutane_conf2_d_grid.dat (835)

Constraints
    Charge constraints: None

    Equivalent charges on atoms: None

Restraint
    ihfree:                           True
    resp_a:                           0.0005
    resp_b:                           0.1000

Fit
    Electrostatic Potential Charges:
        Center  Symbol        ESP         RESP        
          1        C      -0.18201686 -0.07592049
          2        H       0.04896788  0.02562202
          3        H       0.03759572  0.01163778
          4        H       0.04707128  0.02163369
          5        C       0.11882407  0.03067696
          6        H      -0.01837011 -0.00404699
          7        H      -0.01920358 -0.00306075
          8        C      -0.10195319 -0.01113541
          9        H       0.06280955  0.04734754
         10        H       0.05527116  0.04089098
         11        C       0.15306298  0.03813441
         12        H       0.06344247  0.09335422
         13        H       0.06568984  0.09526479
         14        BR     -0.44414503 -0.41354762
         15        X       0.11295380  0.10314887

        Total Charge:      0.00000000  0.00000000

    Fitting Statistics:
        Metric             ESP        RESP
        RMSE           0.00157     0.00160
        RRMSE          0.14043     0.14345
