Electrostatic potential parameters
    van der Waals radii (Angstrom):
                                      C = 1.500
                                      H = 1.200
                                      BR = 1.850
                                      X = 0.000
    VDW scale factors:                1.4 1.6 1.8 2.0
    VDW point density:                1.0
    ESP method:                       None
    ESP basis set:                    None

Grid information
    Quantum ESP File(s):
                                      /home/karl/sciebo/resp_ep/examples/1_bromobutane/multiple_orientations/1_bromobutane_conf1_a_esp.dat
                                      /home/karl/sciebo/resp_ep/examples/1_bromobutane/multiple_orientations/1_bromobutane_conf1_b_esp.dat
                                      /home/karl/sciebo/resp_ep/examples/1_bromobutane/multiple_orientations/1_bromobutane_conf1_c_esp.dat
                                      /home/karl/sciebo/resp_ep/examples/1_bromobutane/multiple_orientations/1_bromobutane_conf1_d_esp.dat
                                      /home/karl/sciebo/resp_ep/examples/1_bromobutane/multiple_orientations/1_bromobutane_conf2_a_esp.dat
                                      /home/karl/sciebo/resp_ep/examples/1_bromobutane/multiple_orientations/1_bromobutane_conf2_b_esp.dat
                                      /home/karl/sciebo/resp_ep/examples/1_bromobutane/multiple_orientations/1_bromobutane_conf2_c_esp.dat
                                      /home/karl/sciebo/resp_ep/examples/1_bromobutane/multiple_orientations/1_bromobutane_conf2_d_esp.dat

    Grid Points File(s) (# of points):
                                      /home/karl/sciebo/resp_ep/examples/1_bromobutane/multiple_orientations/1_bromobutane_conf1_a_grid.dat (827)
                                      /home/karl/sciebo/resp_ep/examples/1_bromobutane/multiple_orientations/1_bromobutane_conf1_b_grid.dat (825)
                                      /home/karl/sciebo/resp_ep/examples/1_bromobutane/multiple_orientations/1_bromobutane_conf1_c_grid.dat (824)
                                      /home/karl/sciebo/resp_ep/examples/1_bromobutane/multiple_orientations/1_bromobutane_conf1_d_grid.dat (828)
                                      /home/karl/sciebo/resp_ep/examples/1_bromobutane/multiple_orientations/1_bromobutane_conf2_a_grid.dat (831)
                                      /home/karl/sciebo/resp_ep/examples/1_bromobutane/multiple_orientations/1_bromobutane_conf2_b_grid.dat (836)
                                      /home/karl/sciebo/resp_ep/examples/1_bromobutane/multiple_orientations/1_bromobutane_conf2_c_grid.dat (827)
                                      /home/karl/sciebo/resp_ep/examples/1_bromobutane/multiple_orientations/1_bromobutane_conf2_d_grid.dat (835)

Constraints
    Charge constraints:
                                      Atom 14 = -0.41354762

    Equivalent charges on atoms (group = atom numbers):
                                      group_1 = 2 3 4
                                      group_2 = 6 7
                                      group_3 = 9 10
                                      group_4 = 12 13

Restraint
    ihfree:                           True
    resp_a:                           0.0010
    resp_b:                           0.1000

Fit
    Electrostatic Potential Charges:
        Center  Symbol        ESP         RESP        
          1        C      -0.18199343 -0.04488596
          2        H       0.04388047  0.01227426
          3        H       0.04388047  0.01227426
          4        H       0.04388047  0.01227426
          5        C       0.13242658  0.01260140
          6        H      -0.02117534  0.00153116
          7        H      -0.02117534  0.00153116
          8        C      -0.08773458 -0.01277423
          9        H       0.05655692  0.04513618
         10        H       0.05655692  0.04513618
         11        C       0.08624403  0.03506974
         12        H       0.08026180  0.09475405
         13        H       0.08026180  0.09475405
         14        BR     -0.41354762 -0.41354762
         15        X       0.10167685  0.10387111

        Total Charge:      0.00000000  0.00000000

    Fitting Statistics:
        Metric             ESP        RESP
        RMSE           0.00160     0.00164
        RRMSE          0.14338     0.14657
