
 -----------------------------------------------
              Py_RESP Version 1.0
 -----------------------------------------------
  acetic acid with extra points
 -----------------------------------------------

 ------------------
 Control Parameters
 ------------------
 nmol        = 4   iqopt       = 1
 ihfree      = 1   irstrnt     = 1
 ioutopt     = 1   ireornt     = 0
 iquad       = 1   qwt         = 0.00050000

 --------------------
 Molecule Information
 --------------------
 Multiple-molecule run of 4 molecules

 Molecule 1 weight:     1.000
 Molecule 1 Name:  orientation_1
 Total charge (ich):  0
 Number of centers: 12
    1    6    0
    2    1    0
    3    1    0
    4    1    0
    5    6    0
    6    8    0
    7    1    0
    8    8    0
    9    0    0
   10    0    0
   11    0    0
   12    0    0

 Molecule 2 weight:     1.000
 Molecule 2 Name:  orientation_2
 Total charge (ich):  0
 Number of centers: 12
   13    6    0
   14    1    0
   15    1    0
   16    1    0
   17    6    0
   18    8    0
   19    1    0
   20    8    0
   21    0    0
   22    0    0
   23    0    0
   24    0    0

 Molecule 3 weight:     1.000
 Molecule 3 Name:  orientation_3
 Total charge (ich):  0
 Number of centers: 12
   25    6    0
   26    1    0
   27    1    0
   28    1    0
   29    6    0
   30    8    0
   31    1    0
   32    8    0
   33    0    0
   34    0    0
   35    0    0
   36    0    0

 Molecule 4 weight:     1.000
 Molecule 4 Name:  orientation_4
 Total charge (ich):  0
 Number of centers: 12
   37    6    0
   38    1    0
   39    1    0
   40    1    0
   41    6    0
   42    8    0
   43    1    0
   44    8    0
   45    0    0
   46    0    0
   47    0    0
   48    0    0
 ---------------------------------------------------------
 Inter-Molecular Charge Constraint(s) Info
 ---------------------------------------------------------
    1    1    1    2    1    3    1    4    1    5    1    6    1    7    1    8
    1    9    1   10    1   11    1   12    2    1    2    2    2    3    2    4
    2    5    2    6    2    7    2    8    2    9    2   10    2   11    2   12
    3    1    3    2    3    3    3    4    3    5    3    6    3    7    3    8
    3    9    3   10    3   11    3   12    4    1    4    2    4    3    4    4
    4    5    4    6    4    7    4    8    4    9    4   10    4   11    4   12

 -------------------------------
 Charges Equivalence Information 
 -------------------------------
    1    1    2    1
    1    2    2    2
    1    3    2    3
    1    4    2    4
    1    5    2    5
    1    6    2    6
    1    7    2    7
    1    8    2    8
    1    9    2    9
    1   10    2   10
    1   11    2   11
    1   12    2   12
    1    1    3    1
    1    2    3    2
    1    3    3    3
    1    4    3    4
    1    5    3    5
    1    6    3    6
    1    7    3    7
    1    8    3    8
    1    9    3    9
    1   10    3   10
    1   11    3   11
    1   12    3   12
    1    1    4    1
    1    2    4    2
    1    3    4    3
    1    4    4    4
    1    5    4    5
    1    6    4    6
    1    7    4    7
    1    8    4    8
    1    9    4    9
    1   10    4   10
    1   11    4   11
    1   12    4   12

 -----------------------------
 Atom Ivary Information
 -----------------------------
    6    0
    1    0
    1    0
    1    0
    6    0
    8    0
    1    0
    8    0
    0    0
    0    0
    0    0
    0    0

    6    1
    1    2
    1    3
    1    4
    6    5
    8    6
    1    7
    8    8
    0    9
    0   10
    0   11
    0   12

    6    1
    1    2
    1    3
    1    4
    6    5
    8    6
    1    7
    8    8
    0    9
    0   10
    0   11
    0   12

    6    1
    1    2
    1    3
    1    4
    6    5
    8    6
    1    7
    8    8
    0    9
    0   10
    0   11
    0   12

 -------------------------
 Input Information Summary
 -------------------------
 Total number of atoms      =   48
 Weight factor on initial charge restraints=  0.000500
 There are  5 charge constraints

 --------------------------------------
 Atomic and ESP Coordinates Information
 --------------------------------------
 Reading esp's for molecule   1
 total number of atoms      =    12
 total number of esp points =   534

 center       X               Y               Z
    1   2.7410740E+00  -1.2526866E-01   0.0000000E+00
    2   3.3168778E+00  -1.1879950E+00  -1.6535131E+00
    3   3.3168778E+00  -1.1879950E+00   1.6535131E+00
    4   3.6315480E+00   1.7099356E+00   0.0000000E+00
    5  -7.9994412E-02   1.8612627E-01   0.0000000E+00
    6  -1.2673414E+00  -2.0337405E+00   0.0000000E+00
    7  -3.0393837E+00  -1.7199645E+00   0.0000000E+00
    8  -1.1844022E+00   2.1384237E+00   0.0000000E+00
    9  -1.1005500E+00  -2.3770998E+00   5.4013010E-01
   10  -1.1005500E+00  -2.3770998E+00  -5.4013010E-01
   11  -8.4868126E-01   2.7082894E+00   0.0000000E+00
   12  -1.8457808E+00   2.1442337E+00   0.0000000E+00


 Reading esp's for molecule   2
 total number of atoms      =    12
 total number of esp points =   522

 center       X               Y               Z
    1   2.6355116E-01   6.8585839E-01  -2.6437318E+00
    2  -1.3119632E+00  -1.3681240E-01  -3.6615776E+00
    3   1.9796070E+00  -1.8438109E-01  -3.3457847E+00
    4   3.2218604E-01   2.7015223E+00  -2.9512699E+00
    5  -1.0316051E-02   1.5437673E-01   1.3078035E-01
    6  -9.1766745E-02  -2.3161695E+00   6.0761192E-01
    7  -2.6549513E-01  -2.5370745E+00   2.3851408E+00
    8  -1.4385971E-01   1.6956691E+00   1.7549004E+00
    9   4.6670504E-01  -2.6030789E+00   3.9965099E-01
   10  -6.0850637E-01  -2.5875403E+00   2.9649532E-01
   11  -1.1999823E-01   2.3389728E+00   1.6030901E+00
   12  -2.0709932E-01   1.5068476E+00   2.3856163E+00


 Reading esp's for molecule   3
 total number of atoms      =    12
 total number of esp points =   527

 center       X               Y               Z
    1   1.7695011E+00  -1.4108865E+00  -1.5515941E+00
    2   7.3065570E-01  -2.9201950E+00  -2.4669251E+00
    3   3.1454527E+00  -2.2719525E+00  -3.0244828E-01
    4   2.7120602E+00  -2.6049144E-01  -2.9476931E+00
    5  -1.5872596E-02   1.9765839E-01  -4.1488765E-02
    6  -1.2281390E+00  -1.1414453E+00   1.7120257E+00
    7  -2.3264495E+00  -2.9699996E-02   2.6043966E+00
    8  -3.5602798E-01   2.3970932E+00  -3.2070678E-01
    9  -7.9187380E-01  -1.4093423E+00   2.1307849E+00
   10  -1.5806819E+00  -1.6210946E+00   1.4237454E+00
   11  -2.4590849E-02   2.7261557E+00  -7.8902582E-01
   12  -7.8776704E-01   2.7165800E+00   6.5279012E-02


 Reading esp's for molecule   4
 total number of atoms      =    12
 total number of esp points =   529

 center       X               Y               Z
    1   1.8886387E+00   1.2469076E+00   1.5515941E+00
    2   3.1327536E+00   2.2894313E+00   3.0244828E-01
    3   3.0030555E+00  -2.0749501E-01   2.4669251E+00
    4   1.0858148E+00   2.4988262E+00   2.9476931E+00
    5  -1.9288920E-01   4.5984064E-02   4.1488765E-02
    6   7.0606317E-01  -1.5207556E+00  -1.7120257E+00
    7  -6.9066605E-01  -2.2217627E+00  -2.6043966E+00
    8  -2.3897898E+00   4.0213980E-01   3.2070678E-01
    9   1.0532950E+00  -2.0042636E+00  -1.4237454E+00
   10   1.0956617E+00  -1.1886275E+00  -2.1307849E+00
   11  -2.6003271E+00   8.1904116E-01   7.8902582E-01
   12  -2.8270545E+00   9.0258402E-02  -6.5279012E-02


 ------------------------
 Optimization Information
 ------------------------
 iqopt=1, all q0 values will be set to 0

 Number of unique UNfrozen charge centers =    12

 Non-linear optimization requested.
  qchnge =    4.0472873291E-02
  qchnge =    4.8929256377E-03
  qchnge =    2.1582490147E-03
  qchnge =    1.1908705262E-03
  qchnge =    6.7034507095E-04
  qchnge =    3.7156298000E-04
  qchnge =    2.0255240807E-04
  qchnge =    1.0914494288E-04
  qchnge =    5.8405700272E-05
  qchnge =    3.1134798767E-05
  qchnge =    1.6564469843E-05
  qchnge =    8.8043610833E-06
  qchnge =    4.6778973714E-06
  qchnge =    2.4852309493E-06
  qchnge =    1.3204305803E-06
  qchnge =    7.0167167603E-07

 Convergence in   15 iterations

 -----------------------
 Fitting Results Summary
 -----------------------
 molecule 1:  orientation_1
 molecule 2:  orientation_2
 molecule 3:  orientation_3
 molecule 4:  orientation_4

          Point Charges Before & After Optimization
 atm.no   element.no   q(init)        q(opt)     ivary    d(rstr)/dq
    1         6        0.000000     -0.264077      0       0.001771
    2         1        0.000000      0.105690      0       0.000000
    3         1        0.000000      0.106166      0       0.000000
    4         1        0.000000      0.082916      0       0.000000
    5         6        0.000000      0.562510      0       0.000875
    6         8        0.000000     -0.103774      0       0.003469
    7         1        0.000000      0.373564      0       0.000000
    8         8        0.000000     -0.114509      0       0.003289
    9         0        0.000000     -0.190132      0       0.002328
   10         0        0.000000     -0.191120      0       0.002318
   11         0        0.000000     -0.154909      0       0.002712
   12         0        0.000000     -0.212327      0       0.002130

   13         6        0.000000     -0.264077      1       0.001771
   14         1        0.000000      0.105690      2       0.000000
   15         1        0.000000      0.106166      3       0.000000
   16         1        0.000000      0.082916      4       0.000000
   17         6        0.000000      0.562510      5       0.000875
   18         8        0.000000     -0.103774      6       0.003469
   19         1        0.000000      0.373564      7       0.000000
   20         8        0.000000     -0.114509      8       0.003289
   21         0        0.000000     -0.190132      9       0.002328
   22         0        0.000000     -0.191120     10       0.002318
   23         0        0.000000     -0.154909     11       0.002712
   24         0        0.000000     -0.212327     12       0.002130

   25         6        0.000000     -0.264077      1       0.001771
   26         1        0.000000      0.105690      2       0.000000
   27         1        0.000000      0.106166      3       0.000000
   28         1        0.000000      0.082916      4       0.000000
   29         6        0.000000      0.562510      5       0.000875
   30         8        0.000000     -0.103774      6       0.003469
   31         1        0.000000      0.373564      7       0.000000
   32         8        0.000000     -0.114509      8       0.003289
   33         0        0.000000     -0.190132      9       0.002328
   34         0        0.000000     -0.191120     10       0.002318
   35         0        0.000000     -0.154909     11       0.002712
   36         0        0.000000     -0.212327     12       0.002130

   37         6        0.000000     -0.264077      1       0.001771
   38         1        0.000000      0.105690      2       0.000000
   39         1        0.000000      0.106166      3       0.000000
   40         1        0.000000      0.082916      4       0.000000
   41         6        0.000000      0.562510      5       0.000875
   42         8        0.000000     -0.103774      6       0.003469
   43         1        0.000000      0.373564      7       0.000000
   44         8        0.000000     -0.114509      8       0.003289
   45         0        0.000000     -0.190132      9       0.002328
   46         0        0.000000     -0.191120     10       0.002318
   47         0        0.000000     -0.154909     11       0.002712
   48         0        0.000000     -0.212327     12       0.002130

 Sum over the calculated charges:     -0.000

 --------------------------
 Fitting Statistics Summary
 --------------------------
 The initial sum of squares  (ssvpot = sum_i(espi**2))          5.2402612E-01
 The residual sum of squares (RSS = sum_i((espi-espclci)**2))   4.1517943E-03
 The root-mean-squared error (RMSE = sqrt(RSS/N))               1.4020741E-03
 The relative RMSE           (RRMSE = sqrt(RSS/ssvpot))         8.9010542E-02

 ---------------------------
 Molecular Multipole Summary
 ---------------------------
 Dipole Moments (Debye):
 #MOL         D          Dx         Dy         Dz
   1        1.75471    0.78709   -1.56828    0.00336
 #MOL         D          Dx         Dy         Dz
   2        1.75471    0.10106   -1.26758   -1.20915
 #MOL         D          Dx         Dy         Dz
   3        1.75471    0.21019   -1.71855    0.28532
 #MOL         D          Dx         Dy         Dz
   4        1.75471    1.69913   -0.33623   -0.28092

 Traceless Quadrupole Moments (Debye*Angst.):
 #MOL          X          Y          Z
   1    X    4.31803
        Y    2.60507   -4.86641
        Z    0.00273   -0.00297    0.54838
 #MOL          X          Y          Z
   2    X    0.57508
        Y    0.40494   -2.60851
        Z   -0.21413   -4.71759    2.03343
 #MOL          X          Y          Z
   3    X    2.62537
        Y   -0.86668   -4.70773
        Z   -2.05579    2.53520    2.08236
 #MOL          X          Y          Z
   4    X   -3.49869
        Y    2.85023    1.41583
        Z    3.05165    1.17141    2.08286

 Traceless Quadrupole Moments in Principal Axes (Debye*Angst.):
 #MOL          X          Y          Z
   1    X    5.00548
        Y    0.00000    0.54838
        Z    0.00000    0.00000   -5.55385
 #MOL          X          Y          Z
   2    X    5.00548
        Y    0.00000    0.54838
        Z    0.00000    0.00000   -5.55385
 #MOL          X          Y          Z
   3    X    5.00548
        Y    0.00000    0.54838
        Z    0.00000    0.00000   -5.55385
 #MOL          X          Y          Z
   4    X    5.00548
        Y    0.00000    0.54838
        Z    0.00000    0.00000   -5.55385