
 -----------------------------------------------
              Py_RESP Version 1.0
 -----------------------------------------------
 acetic acid
 -----------------------------------------------

 ------------------
 Control Parameters
 ------------------
 nmol        = 4   iqopt       = 2
 ihfree      = 1   irstrnt     = 1
 ioutopt     = 1   ireornt     = 0
 iquad       = 1   qwt         = 0.00100000

 --------------------
 Molecule Information
 --------------------
 Multiple-molecule run of 4 molecules

 Molecule 1 weight:     1.000
 Molecule 1 Name:  orientation_1
 Total charge (ich):  0
 Number of centers:  8
    1    6    0
    2    1    0
    3    1    2
    4    1    2
    5    6   -1
    6    8   -1
    7    1   -1
    8    8   -1

 Molecule 2 weight:     1.000
 Molecule 2 Name:  orientation_2
 Total charge (ich):  0
 Number of centers:  8
    9    6    0
   10    1    0
   11    1    2
   12    1    2
   13    6   -1
   14    8   -1
   15    1   -1
   16    8   -1

 Molecule 3 weight:     1.000
 Molecule 3 Name:  orientation_3
 Total charge (ich):  0
 Number of centers:  8
   17    6    0
   18    1    0
   19    1    2
   20    1    2
   21    6   -1
   22    8   -1
   23    1   -1
   24    8   -1

 Molecule 4 weight:     1.000
 Molecule 4 Name:  orientation_4
 Total charge (ich):  0
 Number of centers:  8
   25    6    0
   26    1    0
   27    1    2
   28    1    2
   29    6   -1
   30    8   -1
   31    1   -1
   32    8   -1
 ---------------------------------------------------------
 Inter-Molecular Charge Constraint(s) Info
 ---------------------------------------------------------
    1    1    1    2    1    3    1    4    1    5    1    6    1    7    1    8
    2    1    2    2    2    3    2    4    2    5    2    6    2    7    2    8
    3    1    3    2    3    3    3    4    3    5    3    6    3    7    3    8
    4    1    4    2    4    3    4    4    4    5    4    6    4    7    4    8

 -------------------------------
 Charges Equivalence Information 
 -------------------------------
    1    1    2    1
    1    2    2    2
    1    3    2    3
    1    4    2    4
    1    5    2    5
    1    6    2    6
    1    7    2    7
    1    8    2    8
    1    1    3    1
    1    2    3    2
    1    3    3    3
    1    4    3    4
    1    5    3    5
    1    6    3    6
    1    7    3    7
    1    8    3    8
    1    1    4    1
    1    2    4    2
    1    3    4    3
    1    4    4    4
    1    5    4    5
    1    6    4    6
    1    7    4    7
    1    8    4    8

 -----------------------------
 Atom Ivary Information
 -----------------------------
    6    0
    1    0
    1    2
    1    2
    6   -1
    8   -1
    1   -1
    8   -1

    6    1
    1    2
    1    2
    1    2
    6    5
    8    6
    1    7
    8    8

    6    1
    1    2
    1    2
    1    2
    6    5
    8    6
    1    7
    8    8

    6    1
    1    2
    1    2
    1    2
    6    5
    8    6
    1    7
    8    8

 -------------------------
 Input Information Summary
 -------------------------
 Total number of atoms      =   32
 Weight factor on initial charge restraints=  0.001000
 There are  5 charge constraints

 --------------------------------------
 Atomic and ESP Coordinates Information
 --------------------------------------
 Reading esp's for molecule   1
 total number of atoms      =     8
 total number of esp points =   534

 center       X               Y               Z
    1   2.7410740E+00  -1.2526866E-01   0.0000000E+00
    2   3.3168778E+00  -1.1879950E+00  -1.6535131E+00
    3   3.3168778E+00  -1.1879950E+00   1.6535131E+00
    4   3.6315480E+00   1.7099356E+00   0.0000000E+00
    5  -7.9994412E-02   1.8612627E-01   0.0000000E+00
    6  -1.2673414E+00  -2.0337405E+00   0.0000000E+00
    7  -3.0393837E+00  -1.7199645E+00   0.0000000E+00
    8  -1.1844022E+00   2.1384237E+00   0.0000000E+00


 Reading esp's for molecule   2
 total number of atoms      =     8
 total number of esp points =   522

 center       X               Y               Z
    1   2.6355116E-01   6.8585839E-01  -2.6437318E+00
    2  -1.3119632E+00  -1.3681240E-01  -3.6615776E+00
    3   1.9796070E+00  -1.8438109E-01  -3.3457847E+00
    4   3.2218604E-01   2.7015223E+00  -2.9512699E+00
    5  -1.0316051E-02   1.5437673E-01   1.3078035E-01
    6  -9.1766745E-02  -2.3161695E+00   6.0761192E-01
    7  -2.6549513E-01  -2.5370745E+00   2.3851408E+00
    8  -1.4385971E-01   1.6956691E+00   1.7549004E+00


 Reading esp's for molecule   3
 total number of atoms      =     8
 total number of esp points =   527

 center       X               Y               Z
    1   1.7695011E+00  -1.4108865E+00  -1.5515941E+00
    2   7.3065570E-01  -2.9201950E+00  -2.4669251E+00
    3   3.1454527E+00  -2.2719525E+00  -3.0244828E-01
    4   2.7120602E+00  -2.6049144E-01  -2.9476931E+00
    5  -1.5872596E-02   1.9765839E-01  -4.1488765E-02
    6  -1.2281390E+00  -1.1414453E+00   1.7120257E+00
    7  -2.3264495E+00  -2.9699996E-02   2.6043966E+00
    8  -3.5602798E-01   2.3970932E+00  -3.2070678E-01


 Reading esp's for molecule   4
 total number of atoms      =     8
 total number of esp points =   529

 center       X               Y               Z
    1   1.8886387E+00   1.2469076E+00   1.5515941E+00
    2   3.1327536E+00   2.2894313E+00   3.0244828E-01
    3   3.0030555E+00  -2.0749501E-01   2.4669251E+00
    4   1.0858148E+00   2.4988262E+00   2.9476931E+00
    5  -1.9288920E-01   4.5984064E-02   4.1488765E-02
    6   7.0606317E-01  -1.5207556E+00  -1.7120257E+00
    7  -6.9066605E-01  -2.2217627E+00  -2.6043966E+00
    8  -2.3897898E+00   4.0213980E-01   3.2070678E-01


 ------------------------
 Optimization Information
 ------------------------
 Since iqopt>1,   32 new q0 values will be read from file
 stage_1.chg

 Number of unique UNfrozen charge centers =     2

 Non-linear optimization requested.
  qchnge =    8.0354663254E-02
  qchnge =    1.1209857058E-03
  qchnge =    5.0390999464E-05
  qchnge =    2.3643967490E-06
  qchnge =    1.1115804074E-07

 Convergence in    4 iterations

 -----------------------
 Fitting Results Summary
 -----------------------
 molecule 1:  orientation_1
 molecule 2:  orientation_2
 molecule 3:  orientation_3
 molecule 4:  orientation_4

          Point Charges Before & After Optimization
 atm.no   element.no   q(init)        q(opt)     ivary    d(rstr)/dq
    1         6       -0.303919     -0.297819      0       0.003183
    2         1        0.105987      0.098877      0       0.000000
    3         1        0.106304      0.098877      2       0.000000
    4         1        0.090441      0.098877      2       0.000000
    5         6        0.775690      0.775690     -1       0.001279
    6         8       -0.630748     -0.630748     -1       0.001566
    7         1        0.433990      0.433990     -1       0.000000
    8         8       -0.577745     -0.577745     -1       0.001706

    9         6       -0.303919     -0.297819      1       0.003183
   10         1        0.105987      0.098877      2       0.000000
   11         1        0.106304      0.098877      2       0.000000
   12         1        0.090441      0.098877      2       0.000000
   13         6        0.775690      0.775690      5       0.001279
   14         8       -0.630748     -0.630748      6       0.001566
   15         1        0.433990      0.433990      7       0.000000
   16         8       -0.577745     -0.577745      8       0.001706

   17         6       -0.303919     -0.297819      1       0.003183
   18         1        0.105987      0.098877      2       0.000000
   19         1        0.106304      0.098877      2       0.000000
   20         1        0.090441      0.098877      2       0.000000
   21         6        0.775690      0.775690      5       0.001279
   22         8       -0.630748     -0.630748      6       0.001566
   23         1        0.433990      0.433990      7       0.000000
   24         8       -0.577745     -0.577745      8       0.001706

   25         6       -0.303919     -0.297819      1       0.003183
   26         1        0.105987      0.098877      2       0.000000
   27         1        0.106304      0.098877      2       0.000000
   28         1        0.090441      0.098877      2       0.000000
   29         6        0.775690      0.775690      5       0.001279
   30         8       -0.630748     -0.630748      6       0.001566
   31         1        0.433990      0.433990      7       0.000000
   32         8       -0.577745     -0.577745      8       0.001706

 Sum over the calculated charges:     -0.000

 --------------------------
 Fitting Statistics Summary
 --------------------------
 The initial sum of squares  (ssvpot = sum_i(espi**2))          5.2402612E-01
 The residual sum of squares (RSS = sum_i((espi-espclci)**2))   4.4569742E-03
 The root-mean-squared error (RMSE = sqrt(RSS/N))               1.4526905E-03
 The relative RMSE           (RRMSE = sqrt(RSS/ssvpot))         9.2223923E-02

 ---------------------------
 Molecular Multipole Summary
 ---------------------------
 Dipole Moments (Debye):
 #MOL         D          Dx         Dy         Dz
   1        1.66862    0.76558   -1.48263    0.00000
 #MOL         D          Dx         Dy         Dz
   2        1.66862    0.09443   -1.19200   -1.16385
 #MOL         D          Dx         Dy         Dz
   3        1.66862    0.21045   -1.63553    0.25503
 #MOL         D          Dx         Dy         Dz
   4        1.66862    1.62052   -0.30525   -0.25503

 Traceless Quadrupole Moments (Debye*Angst.):
 #MOL          X          Y          Z
   1    X    4.34938
        Y    2.73284   -4.80909
        Z    0.00000    0.00000    0.45971
 #MOL          X          Y          Z
   2    X    0.48658
        Y    0.41945   -2.48175
        Z   -0.21690   -4.81509    1.99517
 #MOL          X          Y          Z
   3    X    2.62475
        Y   -0.81712   -4.76460
        Z   -2.17071    2.47625    2.13984
 #MOL          X          Y          Z
   4    X   -3.57869
        Y    2.83274    1.43884
        Z    3.02584    1.29926    2.13984

 Traceless Quadrupole Moments in Principal Axes (Debye*Angst.):
 #MOL          X          Y          Z
   1    X    5.10286
        Y    0.00000    0.45971
        Z    0.00000    0.00000   -5.56257
 #MOL          X          Y          Z
   2    X    5.10286
        Y    0.00000    0.45971
        Z    0.00000    0.00000   -5.56257
 #MOL          X          Y          Z
   3    X    5.10286
        Y    0.00000    0.45971
        Z    0.00000    0.00000   -5.56257
 #MOL          X          Y          Z
   4    X    5.10286
        Y    0.00000    0.45971
        Z    0.00000    0.00000   -5.56257