
 -----------------------------------------------
      Restrained ESP Fit 2.3  Amber 4.1
 -----------------------------------------------
  acetic acid with extra points                                                  
 -----------------------------------------------


 inopt       =     0   ioutopt     =     0
 nmol        =     1   iqopt       =     2
 ihfree      =     1   irstrnt     =     1
 iunits      =     0   qwt         =   0.00100000
 wtmol(1) =     1.000000
 subtitle:

 acetic_acid                                                                    
ich =   0  iuniq =  12
    1    6    0
    2    1    0
    3    1    2
    4    1    2
    5    6   -1
    6    8   -1
    7    1   -1
    8    8   -1
    9    0    0
   10    0    9
   11    0    0
   12    0   11
 new q0 values to be read  12

  ----------------------------------------------------------------------------
     ATOM                       COORDINATES                         CHARGE
                       X             Y                Z
  ----------------------------------------------------------------------------
  ----------------------------------------------------------------------------


 Charge on the molecule(ich) =    0
 Total number of atoms (iuniq)     =   12
 Weight factor on initial charge restraints(qwt)=     0.10000D-02


  there are  1 charge constraints:


     1       1
     2       1
     3       1
     4       1
     5       1
     6       1
     7       1
     8       1
     9       1
    10       1
    11       1
    12       1

 Reading esp"s for molecule   1
 total number of atoms      =    12
 total number of esp points =   534


 center     X       Y       Z 
    1   0.2741074E+01  -0.1252687E+00   0.0000000E+00
    2   0.3316878E+01  -0.1187995E+01  -0.1653513E+01
    3   0.3316878E+01  -0.1187995E+01   0.1653513E+01
    4   0.3631548E+01   0.1709936E+01   0.0000000E+00
    5  -0.7999441E-01   0.1861263E+00   0.0000000E+00
    6  -0.1267341E+01  -0.2033740E+01   0.0000000E+00
    7  -0.3039384E+01  -0.1719964E+01   0.0000000E+00
    8  -0.1184402E+01   0.2138424E+01   0.0000000E+00
    9  -0.1100550E+01  -0.2377100E+01   0.5401301E+00
   10  -0.1100550E+01  -0.2377100E+01  -0.5401301E+00
   11  -0.8486813E+00   0.2708289E+01   0.0000000E+00
   12  -0.1845781E+01   0.2144234E+01   0.0000000E+00
 Initial ssvpot =     0.131


 Number of unique UNfrozen centers=    4

 Non-linear optimization requested.
 qchnge =    0.7117779845E-01
 qchnge =    0.5249697334E-02
 qchnge =    0.1006054331E-02
 qchnge =    0.2246305443E-03
 qchnge =    0.5171173104E-04
 qchnge =    0.1198666442E-04
 qchnge =    0.2782895908E-05
 qchnge =    0.6463316743E-06

 Convergence in    7 iterations


 acetic_acid                                                                    

          Point Charges Before & After Optimization

    no.  At.no.    q(init)       q(opt)     ivary    d(rstr)/dq
    1   6      -0.264608      -0.209601      0       0.004306
    2   1       0.106762       0.084576      0       0.000000
    3   1       0.106762       0.084576      2       0.000000
    4   1       0.082798       0.084576      2       0.000000
    5   6       0.557603       0.557603     -1       0.001765
    6   8      -0.114259      -0.114259     -1       0.006586
    7   1       0.376137       0.376137     -1       0.000000
    8   8      -0.096293      -0.096293     -1       0.007203
    9   0      -0.186847      -0.187594      0       0.004704
   10   0      -0.186847      -0.187594      9       0.004704
   11   0      -0.159988      -0.196064      0       0.004544
   12   0      -0.221220      -0.196064     11       0.004544

 Sum over the calculated charges:     -0.000

        Statistics of the fitting:
  The initial sum of squares (ssvpot)                      0.131
  The residual sum of squares (chipot)                     0.001
  The std err of estimate (sqrt(chipot/N))               0.00157
  ESP relative RMS (SQRT(chipot/ssvpot))                 0.10018

 Center of Mass (Angst.):

 X  =   0.00000      Y  =   0.00000      Z  =   0.00000

 Dipole (Debye):

 X  =   0.77751      Y  =  -1.54114      Z  =   0.00000

 Dipole Moment (Debye)=   1.72616

 Quadrupole (Debye*Angst.):

 Qxx =  13.45027     QYY = -15.01887     QZZ =   1.56860
 Qxy =   8.54977     QXZ =   0.14410     QYZ =   0.14410
