
 -----------------------------------------------
      Restrained ESP Fit 2.3  Amber 4.1
 -----------------------------------------------
  acetic acid                                                                    
 -----------------------------------------------


 inopt       =     0   ioutopt     =     0
 nmol        =     1   iqopt       =     1
 ihfree      =     1   irstrnt     =     1
 iunits      =     0   qwt         =   0.00050000
 wtmol(1) =     1.000000
 subtitle:

 acetic_acid                                                                    
ich =   0  iuniq =   8
    1    6    0
    2    1    0
    3    1    0
    4    1    0
    5    6    0
    6    8    0
    7    1    0
    8    8    0
 IQOPT=1, all q0 values will be set to 0


  ----------------------------------------------------------------------------
     ATOM                       COORDINATES                         CHARGE
                       X             Y                Z
  ----------------------------------------------------------------------------
  ----------------------------------------------------------------------------


 Charge on the molecule(ich) =    0
 Total number of atoms (iuniq)     =    8
 Weight factor on initial charge restraints(qwt)=     0.50000D-03


  there are  1 charge constraints:


     1       1
     2       1
     3       1
     4       1
     5       1
     6       1
     7       1
     8       1

 Reading esp"s for molecule   1
 total number of atoms      =     8
 total number of esp points =   534


 center     X       Y       Z 
    1   0.2741074E+01  -0.1252687E+00   0.0000000E+00
    2   0.3316878E+01  -0.1187995E+01  -0.1653513E+01
    3   0.3316878E+01  -0.1187995E+01   0.1653513E+01
    4   0.3631548E+01   0.1709936E+01   0.0000000E+00
    5  -0.7999441E-01   0.1861263E+00   0.0000000E+00
    6  -0.1267341E+01  -0.2033740E+01   0.0000000E+00
    7  -0.3039384E+01  -0.1719964E+01   0.0000000E+00
    8  -0.1184402E+01   0.2138424E+01   0.0000000E+00
 Initial ssvpot =     0.131


 Number of unique UNfrozen centers=    8

 Non-linear optimization requested.
 qchnge =    0.1667714481    
 qchnge =    0.9635120884E-02
 qchnge =    0.2193241379E-02
 qchnge =    0.5756071782E-03
 qchnge =    0.1564259145E-03
 qchnge =    0.4290604914E-04
 qchnge =    0.1179846594E-04
 qchnge =    0.3246636386E-05
 qchnge =    0.8935617494E-06

 Convergence in    8 iterations


 acetic_acid                                                                    

          Point Charges Before & After Optimization

    no.  At.no.    q(init)       q(opt)     ivary    d(rstr)/dq
    1   6       0.000000      -0.303628      0       0.001564
    2   1       0.000000       0.106576      0       0.000000
    3   1       0.000000       0.106576      0       0.000000
    4   1       0.000000       0.090415      0       0.000000
    5   6       0.000000       0.772010      0       0.000642
    6   8       0.000000      -0.629969      0       0.000784
    7   1       0.000000       0.433655      0       0.000000
    8   8       0.000000      -0.575634      0       0.000856

 Sum over the calculated charges:     -0.000

        Statistics of the fitting:
  The initial sum of squares (ssvpot)                      0.131
  The residual sum of squares (chipot)                     0.001
  The std err of estimate (sqrt(chipot/N))               0.00135
  ESP relative RMS (SQRT(chipot/ssvpot))                 0.08607

 Center of Mass (Angst.):

 X  =   0.00000      Y  =   0.00000      Z  =   0.00000

 Dipole (Debye):

 X  =   0.77129      Y  =  -1.55687      Z  =  -0.00000

 Dipole Moment (Debye)=   1.73745

 Quadrupole (Debye*Angst.):

 Qxx =  13.02088     QYY = -14.48112     QZZ =   1.46025
 Qxy =   6.83803     QXZ =  -0.89134     QYZ =  -0.89134
