
 -----------------------------------------------
      Restrained ESP Fit 2.3  Amber 4.1
 -----------------------------------------------
  acetic acid with extra points                                                  
 -----------------------------------------------


 inopt       =     0   ioutopt     =     0
 nmol        =     1   iqopt       =     1
 ihfree      =     1   irstrnt     =     1
 iunits      =     0   qwt         =   0.00050000
 wtmol(1) =     1.000000
 subtitle:

 acetic_acid                                                                    
ich =   0  iuniq =  12
    1    6    0
    2    1    0
    3    1    0
    4    1    0
    5    6    0
    6    8    0
    7    1    0
    8    8    0
    9    0    0
   10    0    0
   11    0    0
   12    0    0
 IQOPT=1, all q0 values will be set to 0


  ----------------------------------------------------------------------------
     ATOM                       COORDINATES                         CHARGE
                       X             Y                Z
  ----------------------------------------------------------------------------
  ----------------------------------------------------------------------------


 Charge on the molecule(ich) =    0
 Total number of atoms (iuniq)     =   12
 Weight factor on initial charge restraints(qwt)=     0.50000D-03


  there are  1 charge constraints:


     1       1
     2       1
     3       1
     4       1
     5       1
     6       1
     7       1
     8       1
     9       1
    10       1
    11       1
    12       1

 Reading esp"s for molecule   1
 total number of atoms      =    12
 total number of esp points =   534


 center     X       Y       Z 
    1   0.2741074E+01  -0.1252687E+00   0.0000000E+00
    2   0.3316878E+01  -0.1187995E+01  -0.1653513E+01
    3   0.3316878E+01  -0.1187995E+01   0.1653513E+01
    4   0.3631548E+01   0.1709936E+01   0.0000000E+00
    5  -0.7999441E-01   0.1861263E+00   0.0000000E+00
    6  -0.1267341E+01  -0.2033740E+01   0.0000000E+00
    7  -0.3039384E+01  -0.1719964E+01   0.0000000E+00
    8  -0.1184402E+01   0.2138424E+01   0.0000000E+00
    9  -0.1100550E+01  -0.2377100E+01   0.5401301E+00
   10  -0.1100550E+01  -0.2377100E+01  -0.5401301E+00
   11  -0.8486813E+00   0.2708289E+01   0.0000000E+00
   12  -0.1845781E+01   0.2144234E+01   0.0000000E+00
 Initial ssvpot =     0.131


 Number of unique UNfrozen centers=   12

 Non-linear optimization requested.
 qchnge =    0.8089143987E-01
 qchnge =    0.9705442359E-02
 qchnge =    0.4301167159E-02
 qchnge =    0.2431076422E-02
 qchnge =    0.1420805420E-02
 qchnge =    0.8261082924E-03
 qchnge =    0.4752518394E-03
 qchnge =    0.2709956841E-03
 qchnge =    0.1536096299E-03
 qchnge =    0.8676228878E-04
 qchnge =    0.4890981947E-04
 qchnge =    0.2754441008E-04
 qchnge =    0.1550527376E-04
 qchnge =    0.8726880547E-05
 qchnge =    0.4911724343E-05
 qchnge =    0.2764595280E-05
 qchnge =    0.1556184737E-05
 qchnge =    0.8760390485E-06

 Convergence in   17 iterations


 acetic_acid                                                                    

          Point Charges Before & After Optimization

    no.  At.no.    q(init)       q(opt)     ivary    d(rstr)/dq
    1   6       0.000000      -0.264608      0       0.001768
    2   1       0.000000       0.106762      0       0.000000
    3   1       0.000000       0.106762      0       0.000000
    4   1       0.000000       0.082798      0       0.000000
    5   6       0.000000       0.557603      0       0.000883
    6   8       0.000000      -0.114259      0       0.003293
    7   1       0.000000       0.376137      0       0.000000
    8   8       0.000000      -0.096293      0       0.003602
    9   0       0.000000      -0.186847      0       0.002359
   10   0       0.000000      -0.186847      0       0.002359
   11   0       0.000000      -0.159988      0       0.002650
   12   0       0.000000      -0.221220      0       0.002060

 Sum over the calculated charges:     -0.000

        Statistics of the fitting:
  The initial sum of squares (ssvpot)                      0.131
  The residual sum of squares (chipot)                     0.001
  The std err of estimate (sqrt(chipot/N))               0.00139
  ESP relative RMS (SQRT(chipot/ssvpot))                 0.08886

 Center of Mass (Angst.):

 X  =   0.00000      Y  =   0.00000      Z  =   0.00000

 Dipole (Debye):

 X  =   0.78796      Y  =  -1.56312      Z  =  -0.00000

 Dipole Moment (Debye)=   1.75050

 Quadrupole (Debye*Angst.):

 Qxx =  12.98126     QYY = -14.59835     QZZ =   1.61709
 Qxy =   7.51600     QXZ =  -0.29870     QYZ =  -0.29870
