
 -----------------------------------------------
      Restrained ESP Fit 2.3  Amber 4.1
 -----------------------------------------------
  acetic acid                                                                    
 -----------------------------------------------


 inopt       =     0   ioutopt     =     0
 nmol        =     1   iqopt       =     2
 ihfree      =     1   irstrnt     =     1
 iunits      =     0   qwt         =   0.00100000
 wtmol(1) =     1.000000
 subtitle:

acetic_acid                                                                     
ich =   0  iuniq =   8
    1    6    0
    2    1    0
    3    1    2
    4    1    2
    5    6   -1
    6    8   -1
    7    1   -1
    8    8   -1
 new q0 values to be read   8

  ----------------------------------------------------------------------------
     ATOM                       COORDINATES                         CHARGE
                       X             Y                Z
  ----------------------------------------------------------------------------
  ----------------------------------------------------------------------------


 Charge on the molecule(ich) =    0
 Total number of atoms (iuniq)     =    8
 Weight factor on initial charge restraints(qwt)=     0.10000D-02


  there are  1 charge constraints:


     1       1
     2       1
     3       1
     4       1
     5       1
     6       1
     7       1
     8       1

 Reading esp"s for molecule   1
 total number of atoms      =     8
 total number of esp points =   534


 center     X       Y       Z 
    1   0.2741074E+01  -0.1252687E+00   0.0000000E+00
    2   0.3316878E+01  -0.1187995E+01  -0.1653513E+01
    3   0.3316878E+01  -0.1187995E+01   0.1653513E+01
    4   0.3631548E+01   0.1709936E+01   0.0000000E+00
    5  -0.7999441E-01   0.1861263E+00   0.0000000E+00
    6  -0.1267341E+01  -0.2033740E+01   0.0000000E+00
    7  -0.3039384E+01  -0.1719964E+01   0.0000000E+00
    8  -0.1184402E+01   0.2138424E+01   0.0000000E+00
 Initial ssvpot =     0.131


 Number of unique UNfrozen centers=    2

 Non-linear optimization requested.
 qchnge =    0.1602809569    
 qchnge =    0.2221061323E-02
 qchnge =    0.9888930496E-04
 qchnge =    0.4593682628E-05
 qchnge =    0.2138005370E-06

 Convergence in    4 iterations


acetic_acid                                                                     

          Point Charges Before & After Optimization

    no.  At.no.    q(init)       q(opt)     ivary    d(rstr)/dq
    1   6      -0.303628      -0.298418      0       0.003177
    2   1       0.106576       0.099452      0       0.000000
    3   1       0.106576       0.099452      2       0.000000
    4   1       0.090415       0.099452      2       0.000000
    5   6       0.772010       0.772010     -1       0.001285
    6   8      -0.629969      -0.629969     -1       0.001568
    7   1       0.433655       0.433655     -1       0.000000
    8   8      -0.575634      -0.575634     -1       0.001712

 Sum over the calculated charges:     -0.000

        Statistics of the fitting:
  The initial sum of squares (ssvpot)                      0.131
  The residual sum of squares (chipot)                     0.001
  The std err of estimate (sqrt(chipot/N))               0.00146
  ESP relative RMS (SQRT(chipot/ssvpot))                 0.09321

 Center of Mass (Angst.):

 X  =   0.00000      Y  =   0.00000      Z  =   0.00000

 Dipole (Debye):

 X  =   0.77088      Y  =  -1.47624      Z  =   0.00000

 Dipole Moment (Debye)=   1.66540

 Quadrupole (Debye*Angst.):

 Qxx =  13.06892     QYY = -14.41365     QZZ =   1.34472
 Qxy =   7.32547     QXZ =  -0.84968     QYZ =  -0.84968
