
 -----------------------------------------------
              Py_RESP Version 1.0
 -----------------------------------------------
  acetic acid
 -----------------------------------------------

 ------------------
 Control Parameters
 ------------------
 nmol        = 1   iqopt       = 2
 ihfree      = 1   irstrnt     = 1
 ioutopt     = 1   ireornt     = 0
 iquad       = 1   qwt         = 0.00100000

 --------------------
 Molecule Information
 --------------------
 Single-molecule run

 Molecule 1 weight:     1.000 
 Molecule 1 name: acetic_acid
 Total charge (ich):  0
 Number of centers:  8
    1    6    0
    2    1    0
    3    1    2
    4    1    2
    5    6   -1
    6    8   -1
    7    1   -1
    8    8   -1

 -----------------------------
 Atom Ivary Information
 -----------------------------
    6    0
    1    0
    1    2
    1    2
    6   -1
    8   -1
    1   -1
    8   -1

 -------------------------
 Input Information Summary
 -------------------------
 Total number of atoms      =    8
 Weight factor on initial charge restraints=  0.001000
 There are  1 charge constraints

 --------------------------------------
 Atomic and ESP Coordinates Information
 --------------------------------------
 Reading esp's for molecule   1
 total number of atoms      =     8
 total number of esp points =   534

 center       X               Y               Z
    1   2.7410740E+00  -1.2526866E-01   0.0000000E+00
    2   3.3168778E+00  -1.1879950E+00  -1.6535131E+00
    3   3.3168778E+00  -1.1879950E+00   1.6535131E+00
    4   3.6315480E+00   1.7099356E+00   0.0000000E+00
    5  -7.9994412E-02   1.8612627E-01   0.0000000E+00
    6  -1.2673414E+00  -2.0337405E+00   0.0000000E+00
    7  -3.0393837E+00  -1.7199645E+00   0.0000000E+00
    8  -1.1844022E+00   2.1384237E+00   0.0000000E+00


 ------------------------
 Optimization Information
 ------------------------
 Since iqopt>1,    8 new q0 values will be read from file
 stage_1.chg

 Number of unique UNfrozen charge centers =     2

 Non-linear optimization requested.
  qchnge =    1.6028077173E-01
  qchnge =    2.2210657275E-03
  qchnge =    9.8890210576E-05
  qchnge =    4.5937595028E-06
  qchnge =    2.1380574261E-07

 Convergence in    4 iterations

 -----------------------
 Fitting Results Summary
 -----------------------
 molecule 1: acetic_acid

          Point Charges Before & After Optimization
 atm.no   element.no   q(init)        q(opt)     ivary    d(rstr)/dq
    1         6       -0.303628     -0.298414      0       0.003177
    2         1        0.106576      0.099451      0       0.000000
    3         1        0.106576      0.099451      2       0.000000
    4         1        0.090415      0.099451      2       0.000000
    5         6        0.772010      0.772010     -1       0.001285
    6         8       -0.629969     -0.629969     -1       0.001568
    7         1        0.433655      0.433655     -1       0.000000
    8         8       -0.575634     -0.575634     -1       0.001712

 Sum over the calculated charges:     -0.000

 --------------------------
 Fitting Statistics Summary
 --------------------------
 The initial sum of squares  (ssvpot = sum_i(espi**2))          1.3101266E-01
 The residual sum of squares (RSS = sum_i((espi-espclci)**2))   1.1383851E-03
 The root-mean-squared error (RMSE = sqrt(RSS/N))               1.4600710E-03
 The relative RMSE           (RRMSE = sqrt(RSS/ssvpot))         9.3215466E-02

 ---------------------------
 Molecular Multipole Summary
 ---------------------------
 Dipole Moments (Debye):
 #MOL         D          Dx         Dy         Dz
   1        1.66539    0.77089   -1.47623    0.00000

 Traceless Quadrupole Moments (Debye*Angst.):
 #MOL          X          Y          Z
   1    X    4.35630
        Y    2.72504   -4.80455
        Z    0.00000    0.00000    0.44824

 Traceless Quadrupole Moments in Principal Axes (Debye*Angst.):
 #MOL          X          Y          Z
   1    X    5.10562
        Y    0.00000    0.44824
        Z    0.00000    0.00000   -5.55386