
 -----------------------------------------------
              Py_RESP Version 1.0
 -----------------------------------------------
  acetic acid with extra points
 -----------------------------------------------

 ------------------
 Control Parameters
 ------------------
 nmol        = 1   iqopt       = 1
 ihfree      = 1   irstrnt     = 1
 ioutopt     = 1   ireornt     = 0
 iquad       = 1   qwt         = 0.00050000

 --------------------
 Molecule Information
 --------------------
 Single-molecule run

 Molecule 1 weight:     1.000 
 Molecule 1 name:  acetic_acid
 Total charge (ich):  0
 Number of centers: 12
    1    6    0
    2    1    0
    3    1    0
    4    1    0
    5    6    0
    6    8    0
    7    1    0
    8    8    0
    9    0    0
   10    0    0
   11    0    0
   12    0    0

 -----------------------------
 Atom Ivary Information
 -----------------------------
    6    0
    1    0
    1    0
    1    0
    6    0
    8    0
    1    0
    8    0
    0    0
    0    0
    0    0
    0    0

 -------------------------
 Input Information Summary
 -------------------------
 Total number of atoms      =   12
 Weight factor on initial charge restraints=  0.000500
 There are  1 charge constraints

 --------------------------------------
 Atomic and ESP Coordinates Information
 --------------------------------------
 Reading esp's for molecule   1
 total number of atoms      =    12
 total number of esp points =   534

 center       X               Y               Z
    1   2.7410740E+00  -1.2526866E-01   0.0000000E+00
    2   3.3168778E+00  -1.1879950E+00  -1.6535131E+00
    3   3.3168778E+00  -1.1879950E+00   1.6535131E+00
    4   3.6315480E+00   1.7099356E+00   0.0000000E+00
    5  -7.9994412E-02   1.8612627E-01   0.0000000E+00
    6  -1.2673414E+00  -2.0337405E+00   0.0000000E+00
    7  -3.0393837E+00  -1.7199645E+00   0.0000000E+00
    8  -1.1844022E+00   2.1384237E+00   0.0000000E+00
    9  -1.1005500E+00  -2.3770998E+00   5.4013010E-01
   10  -1.1005500E+00  -2.3770998E+00  -5.4013010E-01
   11  -8.4868126E-01   2.7082894E+00   0.0000000E+00
   12  -1.8457808E+00   2.1442337E+00   0.0000000E+00


 ------------------------
 Optimization Information
 ------------------------
 iqopt=1, all q0 values will be set to 0

 Number of unique UNfrozen charge centers =    12

 Non-linear optimization requested.
  qchnge =    8.0891439867E-02
  qchnge =    9.7054423587E-03
  qchnge =    4.3011671592E-03
  qchnge =    2.4310764219E-03
  qchnge =    1.4208054204E-03
  qchnge =    8.2610829235E-04
  qchnge =    4.7525183943E-04
  qchnge =    2.7099568417E-04
  qchnge =    1.5360962993E-04
  qchnge =    8.6762288771E-05
  qchnge =    4.8909819466E-05
  qchnge =    2.7544410077E-05
  qchnge =    1.5505273775E-05
  qchnge =    8.7268805445E-06
  qchnge =    4.9117243373E-06
  qchnge =    2.7645952676E-06
  qchnge =    1.5561847332E-06
  qchnge =    8.7603904939E-07

 Convergence in   17 iterations

 -----------------------
 Fitting Results Summary
 -----------------------
 molecule 1:  acetic_acid

          Point Charges Before & After Optimization
 atm.no   element.no   q(init)        q(opt)     ivary    d(rstr)/dq
    1         6        0.000000     -0.264608      0       0.001768
    2         1        0.000000      0.106762      0       0.000000
    3         1        0.000000      0.106762      0       0.000000
    4         1        0.000000      0.082798      0       0.000000
    5         6        0.000000      0.557603      0       0.000883
    6         8        0.000000     -0.114259      0       0.003293
    7         1        0.000000      0.376137      0       0.000000
    8         8        0.000000     -0.096293      0       0.003602
    9         0        0.000000     -0.186847      0       0.002359
   10         0        0.000000     -0.186847      0       0.002359
   11         0        0.000000     -0.159988      0       0.002650
   12         0        0.000000     -0.221220      0       0.002060

 Sum over the calculated charges:     -0.000

 --------------------------
 Fitting Statistics Summary
 --------------------------
 The initial sum of squares  (ssvpot = sum_i(espi**2))          1.3101266E-01
 The residual sum of squares (RSS = sum_i((espi-espclci)**2))   1.0345713E-03
 The root-mean-squared error (RMSE = sqrt(RSS/N))               1.3919050E-03
 The relative RMSE           (RRMSE = sqrt(RSS/ssvpot))         8.8863535E-02

 ---------------------------
 Molecular Multipole Summary
 ---------------------------
 Dipole Moments (Debye):
 #MOL         D          Dx         Dy         Dz
   1        1.75050    0.78796   -1.56312   -0.00000

 Traceless Quadrupole Moments (Debye*Angst.):
 #MOL          X          Y          Z
   1    X    4.32709
        Y    2.60490   -4.86612
        Z   -0.00000    0.00000    0.53903

 Traceless Quadrupole Moments in Principal Axes (Debye*Angst.):
 #MOL          X          Y          Z
   1    X    5.01388
        Y    0.00000    0.53903
        Z    0.00000    0.00000   -5.55291