
 -----------------------------------------------
              Py_RESP Version 1.0
 -----------------------------------------------
  acetic acid with extra points
 -----------------------------------------------

 ------------------
 Control Parameters
 ------------------
 nmol        = 1   iqopt       = 2
 ihfree      = 1   irstrnt     = 1
 ioutopt     = 1   ireornt     = 0
 iquad       = 1   qwt         = 0.00100000

 --------------------
 Molecule Information
 --------------------
 Single-molecule run

 Molecule 1 weight:     1.000 
 Molecule 1 name:  acetic_acid
 Total charge (ich):  0
 Number of centers: 12
    1    6    0
    2    1    0
    3    1    2
    4    1    2
    5    6   -1
    6    8   -1
    7    1   -1
    8    8   -1
    9    0    0
   10    0    9
   11    0    0
   12    0   11

 -----------------------------
 Atom Ivary Information
 -----------------------------
    6    0
    1    0
    1    2
    1    2
    6   -1
    8   -1
    1   -1
    8   -1
    0    0
    0    9
    0    0
    0   11

 -------------------------
 Input Information Summary
 -------------------------
 Total number of atoms      =   12
 Weight factor on initial charge restraints=  0.001000
 There are  1 charge constraints

 --------------------------------------
 Atomic and ESP Coordinates Information
 --------------------------------------
 Reading esp's for molecule   1
 total number of atoms      =    12
 total number of esp points =   534

 center       X               Y               Z
    1   2.7410740E+00  -1.2526866E-01   0.0000000E+00
    2   3.3168778E+00  -1.1879950E+00  -1.6535131E+00
    3   3.3168778E+00  -1.1879950E+00   1.6535131E+00
    4   3.6315480E+00   1.7099356E+00   0.0000000E+00
    5  -7.9994412E-02   1.8612627E-01   0.0000000E+00
    6  -1.2673414E+00  -2.0337405E+00   0.0000000E+00
    7  -3.0393837E+00  -1.7199645E+00   0.0000000E+00
    8  -1.1844022E+00   2.1384237E+00   0.0000000E+00
    9  -1.1005500E+00  -2.3770998E+00   5.4013010E-01
   10  -1.1005500E+00  -2.3770998E+00  -5.4013010E-01
   11  -8.4868126E-01   2.7082894E+00   0.0000000E+00
   12  -1.8457808E+00   2.1442337E+00   0.0000000E+00


 ------------------------
 Optimization Information
 ------------------------
 Since iqopt>1,   12 new q0 values will be read from file
 stage_1_x.chg

 Number of unique UNfrozen charge centers =     4

 Non-linear optimization requested.
  qchnge =    7.1177774604E-02
  qchnge =    5.2496982362E-03
  qchnge =    1.0060541730E-03
  qchnge =    2.2463043020E-04
  qchnge =    5.1711686244E-05
  qchnge =    1.1986649696E-05
  qchnge =    2.7828914773E-06
  qchnge =    6.4633039615E-07

 Convergence in    7 iterations

 -----------------------
 Fitting Results Summary
 -----------------------
 molecule 1:  acetic_acid

          Point Charges Before & After Optimization
 atm.no   element.no   q(init)        q(opt)     ivary    d(rstr)/dq
    1         6       -0.264608     -0.209601      0       0.004306
    2         1        0.106762      0.084576      0       0.000000
    3         1        0.106762      0.084576      2       0.000000
    4         1        0.082798      0.084576      2       0.000000
    5         6        0.557603      0.557603     -1       0.001765
    6         8       -0.114259     -0.114259     -1       0.006586
    7         1        0.376137      0.376137     -1       0.000000
    8         8       -0.096293     -0.096293     -1       0.007203
    9         0       -0.186847     -0.187593      0       0.004704
   10         0       -0.186847     -0.187593      9       0.004704
   11         0       -0.159988     -0.196064      0       0.004544
   12         0       -0.221220     -0.196064     11       0.004544

 Sum over the calculated charges:     -0.000

 --------------------------
 Fitting Statistics Summary
 --------------------------
 The initial sum of squares  (ssvpot = sum_i(espi**2))          1.3101266E-01
 The residual sum of squares (RSS = sum_i((espi-espclci)**2))   1.3147234E-03
 The root-mean-squared error (RMSE = sqrt(RSS/N))               1.5690853E-03
 The relative RMSE           (RRMSE = sqrt(RSS/ssvpot))         1.0017528E-01

 ---------------------------
 Molecular Multipole Summary
 ---------------------------
 Dipole Moments (Debye):
 #MOL         D          Dx         Dy         Dz
   1        1.72616    0.77751   -1.54114    0.00000

 Traceless Quadrupole Moments (Debye*Angst.):
 #MOL          X          Y          Z
   1    X    4.48342
        Y    2.80189   -5.00629
        Z    0.00000    0.00000    0.52287

 Traceless Quadrupole Moments in Principal Axes (Debye*Angst.):
 #MOL          X          Y          Z
   1    X    5.24894
        Y    0.00000    0.52287
        Z    0.00000    0.00000   -5.77181