
 -----------------------------------------------
      Restrained ESP Fit 2.3  Amber 4.1
 -----------------------------------------------
  acetic acid with extra points                                                  
 -----------------------------------------------


 inopt       =     0   ioutopt     =     0
 nmol        =     4   iqopt       =     1
 ihfree      =     1   irstrnt     =     1
 iunits      =     0   qwt         =   0.00050000

 %RESP-I-MULT_MOL,  multiple-molecule run of   4 molecules

 Reading input for molecule   1 weight:     1.000
 orientation_1                                                                  

 Total charge (ich):  0
 Number of centers: 12
    1    6    0
    2    1    0
    3    1    0
    4    1    0
    5    6    0
    6    8    0
    7    1    0
    8    8    0
    9    0    0
   10    0    0
   11    0    0
   12    0    0

 Reading input for molecule   2 weight:     1.000
 orientation_2                                                                  

 Total charge (ich):  0
 Number of centers: 12
   13    6    0
   14    1    0
   15    1    0
   16    1    0
   17    6    0
   18    8    0
   19    1    0
   20    8    0
   21    0    0
   22    0    0
   23    0    0
   24    0    0

 Reading input for molecule   3 weight:     1.000
 orientation_3                                                                  

 Total charge (ich):  0
 Number of centers: 12
   25    6    0
   26    1    0
   27    1    0
   28    1    0
   29    6    0
   30    8    0
   31    1    0
   32    8    0
   33    0    0
   34    0    0
   35    0    0
   36    0    0

 Reading input for molecule   4 weight:     1.000
 orientation_4                                                                  

 Total charge (ich):  0
 Number of centers: 12
   37    6    0
   38    1    0
   39    1    0
   40    1    0
   41    6    0
   42    8    0
   43    1    0
   44    8    0
   45    0    0
   46    0    0
   47    0    0
   48    0    0
    1    1    1    2    1    3    1    4    1    5    1    6    1    7    1    8
    1    9    1   10    1   11    1   12    2    1    2    2    2    3    2    4
    2    5    2    6    2    7    2    8    2    9    2   10    2   11    2   12
    3    1    3    2    3    3    3    4    3    5    3    6    3    7    3    8
    3    9    3   10    3   11    3   12    4    1    4    2    4    3    4    4
    4    5    4    6    4    7    4    8    4    9    4   10    4   11    4   12

 Iqopt =1: all q0 values will be set to 0
 --------------------------------
 reading mult_mol constraint info
 --------------------------------
    1    1    2    1
    1    2    2    2
    1    3    2    3
    1    4    2    4
    1    5    2    5
    1    6    2    6
    1    7    2    7
    1    8    2    8
    1    9    2    9
    1   10    2   10
    1   11    2   11
    1   12    2   12
    1    1    3    1
    1    2    3    2
    1    3    3    3
    1    4    3    4
    1    5    3    5
    1    6    3    6
    1    7    3    7
    1    8    3    8
    1    9    3    9
    1   10    3   10
    1   11    3   11
    1   12    3   12
    1    1    4    1
    1    2    4    2
    1    3    4    3
    1    4    4    4
    1    5    4    5
    1    6    4    6
    1    7    4    7
    1    8    4    8
    1    9    4    9
    1   10    4   10
    1   11    4   11
    1   12    4   12

  --------------------
     Atom   Ivary
  --------------------
    6    0
    1    0
    1    0
    1    0
    6    0
    8    0
    1    0
    8    0
    0    0
    0    0
    0    0
    0    0

    6    1
    1    2
    1    3
    1    4
    6    5
    8    6
    1    7
    8    8
    0    9
    0   10
    0   11
    0   12

    6    1
    1    2
    1    3
    1    4
    6    5
    8    6
    1    7
    8    8
    0    9
    0   10
    0   11
    0   12

    6    1
    1    2
    1    3
    1    4
    6    5
    8    6
    1    7
    8    8
    0    9
    0   10
    0   11
    0   12

  ----------------------------------------------------------------------------


 Total number of atoms      =   48
 Weight factor on initial charge restraints=  0.000500


 There are  5 charge constraints

 Reading esp"s for molecule   1
 total number of atoms      =    12
 total number of esp points =   534


 center     X       Y       Z 
    1   0.2741074E+01  -0.1252687E+00   0.0000000E+00
    2   0.3316878E+01  -0.1187995E+01  -0.1653513E+01
    3   0.3316878E+01  -0.1187995E+01   0.1653513E+01
    4   0.3631548E+01   0.1709936E+01   0.0000000E+00
    5  -0.7999441E-01   0.1861263E+00   0.0000000E+00
    6  -0.1267341E+01  -0.2033740E+01   0.0000000E+00
    7  -0.3039384E+01  -0.1719964E+01   0.0000000E+00
    8  -0.1184402E+01   0.2138424E+01   0.0000000E+00
    9  -0.1100550E+01  -0.2377100E+01   0.5401301E+00
   10  -0.1100550E+01  -0.2377100E+01  -0.5401301E+00
   11  -0.8486813E+00   0.2708289E+01   0.0000000E+00
   12  -0.1845781E+01   0.2144234E+01   0.0000000E+00

 Reading esp"s for molecule   2
 total number of atoms      =    12
 total number of esp points =   522


 center     X       Y       Z 
    1   0.2635512E+00   0.6858584E+00  -0.2643732E+01
    2  -0.1311963E+01  -0.1368124E+00  -0.3661578E+01
    3   0.1979607E+01  -0.1843811E+00  -0.3345785E+01
    4   0.3221860E+00   0.2701522E+01  -0.2951270E+01
    5  -0.1031605E-01   0.1543767E+00   0.1307803E+00
    6  -0.9176674E-01  -0.2316169E+01   0.6076119E+00
    7  -0.2654951E+00  -0.2537075E+01   0.2385141E+01
    8  -0.1438597E+00   0.1695669E+01   0.1754900E+01
    9   0.4667050E+00  -0.2603079E+01   0.3996510E+00
   10  -0.6085064E+00  -0.2587540E+01   0.2964953E+00
   11  -0.1199982E+00   0.2338973E+01   0.1603090E+01
   12  -0.2070993E+00   0.1506848E+01   0.2385616E+01

 Reading esp"s for molecule   3
 total number of atoms      =    12
 total number of esp points =   527


 center     X       Y       Z 
    1   0.1769501E+01  -0.1410886E+01  -0.1551594E+01
    2   0.7306557E+00  -0.2920195E+01  -0.2466925E+01
    3   0.3145453E+01  -0.2271952E+01  -0.3024483E+00
    4   0.2712060E+01  -0.2604914E+00  -0.2947693E+01
    5  -0.1587260E-01   0.1976584E+00  -0.4148876E-01
    6  -0.1228139E+01  -0.1141445E+01   0.1712026E+01
    7  -0.2326449E+01  -0.2970000E-01   0.2604397E+01
    8  -0.3560280E+00   0.2397093E+01  -0.3207068E+00
    9  -0.7918738E+00  -0.1409342E+01   0.2130785E+01
   10  -0.1580682E+01  -0.1621095E+01   0.1423745E+01
   11  -0.2459085E-01   0.2726156E+01  -0.7890258E+00
   12  -0.7877670E+00   0.2716580E+01   0.6527901E-01

 Reading esp"s for molecule   4
 total number of atoms      =    12
 total number of esp points =   529


 center     X       Y       Z 
    1   0.1888639E+01   0.1246908E+01   0.1551594E+01
    2   0.3132754E+01   0.2289431E+01   0.3024483E+00
    3   0.3003055E+01  -0.2074950E+00   0.2466925E+01
    4   0.1085815E+01   0.2498826E+01   0.2947693E+01
    5  -0.1928892E+00   0.4598406E-01   0.4148876E-01
    6   0.7060632E+00  -0.1520756E+01  -0.1712026E+01
    7  -0.6906661E+00  -0.2221763E+01  -0.2604397E+01
    8  -0.2389790E+01   0.4021398E+00   0.3207068E+00
    9   0.1053295E+01  -0.2004264E+01  -0.1423745E+01
   10   0.1095662E+01  -0.1188627E+01  -0.2130785E+01
   11  -0.2600327E+01   0.8190412E+00   0.7890258E+00
   12  -0.2827055E+01   0.9025840E-01  -0.6527901E-01
 Initial ssvpot =     0.524


 Number of unique UNfrozen centers=   12

 Non-linear optimization requested.
 qchnge =    0.4047287329E-01
 qchnge =    0.4892925638E-02
 qchnge =    0.2158249015E-02
 qchnge =    0.1190870526E-02
 qchnge =    0.6703450710E-03
 qchnge =    0.3715629800E-03
 qchnge =    0.2025524081E-03
 qchnge =    0.1091449429E-03
 qchnge =    0.5840570027E-04
 qchnge =    0.3113479877E-04
 qchnge =    0.1656446983E-04
 qchnge =    0.8804361083E-05
 qchnge =    0.4677897381E-05
 qchnge =    0.2485230954E-05
 qchnge =    0.1320430586E-05
 qchnge =    0.7016716797E-06

 Convergence in   15 iterations





 orientation_4                                                                  

          Point Charges Before & After Optimization

    no.  At.no.    q(init)       q(opt)     ivary    d(rstr)/dq
    1   6       0.000000      -0.264077      0       0.001771
    2   1       0.000000       0.105690      0       0.000000
    3   1       0.000000       0.106166      0       0.000000
    4   1       0.000000       0.082916      0       0.000000
    5   6       0.000000       0.562510      0       0.000875
    6   8       0.000000      -0.103774      0       0.003469
    7   1       0.000000       0.373564      0       0.000000
    8   8       0.000000      -0.114509      0       0.003289
    9   0       0.000000      -0.190132      0       0.002328
   10   0       0.000000      -0.191120      0       0.002318
   11   0       0.000000      -0.154909      0       0.002712
   12   0       0.000000      -0.212327      0       0.002130

   13   6       0.000000      -0.264077      1       0.001771
   14   1       0.000000       0.105690      2       0.000000
   15   1       0.000000       0.106166      3       0.000000
   16   1       0.000000       0.082916      4       0.000000
   17   6       0.000000       0.562510      5       0.000875
   18   8       0.000000      -0.103774      6       0.003469
   19   1       0.000000       0.373564      7       0.000000
   20   8       0.000000      -0.114509      8       0.003289
   21   0       0.000000      -0.190132      9       0.002328
   22   0       0.000000      -0.191120     10       0.002318
   23   0       0.000000      -0.154909     11       0.002712
   24   0       0.000000      -0.212327     12       0.002130

   25   6       0.000000      -0.264077      1       0.001771
   26   1       0.000000       0.105690      2       0.000000
   27   1       0.000000       0.106166      3       0.000000
   28   1       0.000000       0.082916      4       0.000000
   29   6       0.000000       0.562510      5       0.000875
   30   8       0.000000      -0.103774      6       0.003469
   31   1       0.000000       0.373564      7       0.000000
   32   8       0.000000      -0.114509      8       0.003289
   33   0       0.000000      -0.190132      9       0.002328
   34   0       0.000000      -0.191120     10       0.002318
   35   0       0.000000      -0.154909     11       0.002712
   36   0       0.000000      -0.212327     12       0.002130

   37   6       0.000000      -0.264077      1       0.001771
   38   1       0.000000       0.105690      2       0.000000
   39   1       0.000000       0.106166      3       0.000000
   40   1       0.000000       0.082916      4       0.000000
   41   6       0.000000       0.562510      5       0.000875
   42   8       0.000000      -0.103774      6       0.003469
   43   1       0.000000       0.373564      7       0.000000
   44   8       0.000000      -0.114509      8       0.003289
   45   0       0.000000      -0.190132      9       0.002328
   46   0       0.000000      -0.191120     10       0.002318
   47   0       0.000000      -0.154909     11       0.002712
   48   0       0.000000      -0.212327     12       0.002130

 Sum over the calculated charges:     -0.000

        Statistics of the fitting:
  The initial sum of squares (ssvpot)                      0.524
  The residual sum of squares (chipot)                     0.004
  The std err of estimate (sqrt(chipot/N))               0.00280
  ESP relative RMS (SQRT(chipot/ssvpot))                 0.08901
