
 -----------------------------------------------
      Restrained ESP Fit 2.3  Amber 4.1
 -----------------------------------------------
 acetic acid                                                                     
 -----------------------------------------------


 inopt       =     0   ioutopt     =     0
 nmol        =     4   iqopt       =     1
 ihfree      =     1   irstrnt     =     1
 iunits      =     0   qwt         =   0.00050000

 %RESP-I-MULT_MOL,  multiple-molecule run of   4 molecules

 Reading input for molecule   1 weight:     1.000
orientation_1                                                                   

 Total charge (ich):  0
 Number of centers:  8
    1    6    0
    2    1    0
    3    1    0
    4    1    0
    5    6    0
    6    8    0
    7    1    0
    8    8    0

 Reading input for molecule   2 weight:     1.000
orientation_2                                                                   

 Total charge (ich):  0
 Number of centers:  8
    9    6    0
   10    1    0
   11    1    0
   12    1    0
   13    6    0
   14    8    0
   15    1    0
   16    8    0

 Reading input for molecule   3 weight:     1.000
orientation_3                                                                   

 Total charge (ich):  0
 Number of centers:  8
   17    6    0
   18    1    0
   19    1    0
   20    1    0
   21    6    0
   22    8    0
   23    1    0
   24    8    0

 Reading input for molecule   4 weight:     1.000
orientation_4                                                                   

 Total charge (ich):  0
 Number of centers:  8
   25    6    0
   26    1    0
   27    1    0
   28    1    0
   29    6    0
   30    8    0
   31    1    0
   32    8    0
    1    1    1    2    1    3    1    4    1    5    1    6    1    7    1    8
    2    1    2    2    2    3    2    4    2    5    2    6    2    7    2    8
    3    1    3    2    3    3    3    4    3    5    3    6    3    7    3    8
    4    1    4    2    4    3    4    4    4    5    4    6    4    7    4    8

 Iqopt =1: all q0 values will be set to 0
 --------------------------------
 reading mult_mol constraint info
 --------------------------------
    1    1    2    1
    1    2    2    2
    1    3    2    3
    1    4    2    4
    1    5    2    5
    1    6    2    6
    1    7    2    7
    1    8    2    8
    1    1    3    1
    1    2    3    2
    1    3    3    3
    1    4    3    4
    1    5    3    5
    1    6    3    6
    1    7    3    7
    1    8    3    8
    1    1    4    1
    1    2    4    2
    1    3    4    3
    1    4    4    4
    1    5    4    5
    1    6    4    6
    1    7    4    7
    1    8    4    8

  --------------------
     Atom   Ivary
  --------------------
    6    0
    1    0
    1    0
    1    0
    6    0
    8    0
    1    0
    8    0

    6    1
    1    2
    1    3
    1    4
    6    5
    8    6
    1    7
    8    8

    6    1
    1    2
    1    3
    1    4
    6    5
    8    6
    1    7
    8    8

    6    1
    1    2
    1    3
    1    4
    6    5
    8    6
    1    7
    8    8

  ----------------------------------------------------------------------------


 Total number of atoms      =   32
 Weight factor on initial charge restraints=  0.000500


 There are  5 charge constraints

 Reading esp"s for molecule   1
 total number of atoms      =     8
 total number of esp points =   534


 center     X       Y       Z 
    1   0.2741074E+01  -0.1252687E+00   0.0000000E+00
    2   0.3316878E+01  -0.1187995E+01  -0.1653513E+01
    3   0.3316878E+01  -0.1187995E+01   0.1653513E+01
    4   0.3631548E+01   0.1709936E+01   0.0000000E+00
    5  -0.7999441E-01   0.1861263E+00   0.0000000E+00
    6  -0.1267341E+01  -0.2033740E+01   0.0000000E+00
    7  -0.3039384E+01  -0.1719964E+01   0.0000000E+00
    8  -0.1184402E+01   0.2138424E+01   0.0000000E+00

 Reading esp"s for molecule   2
 total number of atoms      =     8
 total number of esp points =   522


 center     X       Y       Z 
    1   0.2635512E+00   0.6858584E+00  -0.2643732E+01
    2  -0.1311963E+01  -0.1368124E+00  -0.3661578E+01
    3   0.1979607E+01  -0.1843811E+00  -0.3345785E+01
    4   0.3221860E+00   0.2701522E+01  -0.2951270E+01
    5  -0.1031605E-01   0.1543767E+00   0.1307803E+00
    6  -0.9176674E-01  -0.2316169E+01   0.6076119E+00
    7  -0.2654951E+00  -0.2537075E+01   0.2385141E+01
    8  -0.1438597E+00   0.1695669E+01   0.1754900E+01

 Reading esp"s for molecule   3
 total number of atoms      =     8
 total number of esp points =   527


 center     X       Y       Z 
    1   0.1769501E+01  -0.1410886E+01  -0.1551594E+01
    2   0.7306557E+00  -0.2920195E+01  -0.2466925E+01
    3   0.3145453E+01  -0.2271952E+01  -0.3024483E+00
    4   0.2712060E+01  -0.2604914E+00  -0.2947693E+01
    5  -0.1587260E-01   0.1976584E+00  -0.4148876E-01
    6  -0.1228139E+01  -0.1141445E+01   0.1712026E+01
    7  -0.2326449E+01  -0.2970000E-01   0.2604397E+01
    8  -0.3560280E+00   0.2397093E+01  -0.3207068E+00

 Reading esp"s for molecule   4
 total number of atoms      =     8
 total number of esp points =   529


 center     X       Y       Z 
    1   0.1888639E+01   0.1246908E+01   0.1551594E+01
    2   0.3132754E+01   0.2289431E+01   0.3024483E+00
    3   0.3003055E+01  -0.2074950E+00   0.2466925E+01
    4   0.1085815E+01   0.2498826E+01   0.2947693E+01
    5  -0.1928892E+00   0.4598406E-01   0.4148876E-01
    6   0.7060632E+00  -0.1520756E+01  -0.1712026E+01
    7  -0.6906661E+00  -0.2221763E+01  -0.2604397E+01
    8  -0.2389790E+01   0.4021398E+00   0.3207068E+00
 Initial ssvpot =     0.524


 Number of unique UNfrozen centers=    8

 Non-linear optimization requested.
 qchnge =    0.8355968555E-01
 qchnge =    0.4859042625E-02
 qchnge =    0.1132396283E-02
 qchnge =    0.3048709587E-03
 qchnge =    0.8509743291E-04
 qchnge =    0.2398822347E-04
 qchnge =    0.6780757072E-05
 qchnge =    0.1918210860E-05
 qchnge =    0.5427627926E-06

 Convergence in    8 iterations





orientation_4                                                                   

          Point Charges Before & After Optimization

    no.  At.no.    q(init)       q(opt)     ivary    d(rstr)/dq
    1   6       0.000000      -0.303919      0       0.001563
    2   1       0.000000       0.105987      0       0.000000
    3   1       0.000000       0.106304      0       0.000000
    4   1       0.000000       0.090441      0       0.000000
    5   6       0.000000       0.775690      0       0.000639
    6   8       0.000000      -0.630748      0       0.000783
    7   1       0.000000       0.433990      0       0.000000
    8   8       0.000000      -0.577745      0       0.000853

    9   6       0.000000      -0.303919      1       0.001563
   10   1       0.000000       0.105987      2       0.000000
   11   1       0.000000       0.106304      3       0.000000
   12   1       0.000000       0.090441      4       0.000000
   13   6       0.000000       0.775690      5       0.000639
   14   8       0.000000      -0.630748      6       0.000783
   15   1       0.000000       0.433990      7       0.000000
   16   8       0.000000      -0.577745      8       0.000853

   17   6       0.000000      -0.303919      1       0.001563
   18   1       0.000000       0.105987      2       0.000000
   19   1       0.000000       0.106304      3       0.000000
   20   1       0.000000       0.090441      4       0.000000
   21   6       0.000000       0.775690      5       0.000639
   22   8       0.000000      -0.630748      6       0.000783
   23   1       0.000000       0.433990      7       0.000000
   24   8       0.000000      -0.577745      8       0.000853

   25   6       0.000000      -0.303919      1       0.001563
   26   1       0.000000       0.105987      2       0.000000
   27   1       0.000000       0.106304      3       0.000000
   28   1       0.000000       0.090441      4       0.000000
   29   6       0.000000       0.775690      5       0.000639
   30   8       0.000000      -0.630748      6       0.000783
   31   1       0.000000       0.433990      7       0.000000
   32   8       0.000000      -0.577745      8       0.000853

 Sum over the calculated charges:     -0.000

        Statistics of the fitting:
  The initial sum of squares (ssvpot)                      0.524
  The residual sum of squares (chipot)                     0.004
  The std err of estimate (sqrt(chipot/N))               0.00269
  ESP relative RMS (SQRT(chipot/ssvpot))                 0.08534
